<?xml version="1.0" encoding="UTF-8"?>
<!-- Generated by org.testng.reporters.JUnitReportReporter -->
<testsuite skipped="0" hostname="Swapnil" name="com.crm.qa.testcases.TasksPageTest" tests="7" failures="0" timestamp="16 Jul 2019 16:58:52 GMT" time="227.687" errors="0">
  <testcase name="VerifycreateNewTaskByBtn" time="31.407" classname="com.crm.qa.testcases.TasksPageTest"/>
  <testcase name="VerifycreateNewTaskByBtn" time="31.206" classname="com.crm.qa.testcases.TasksPageTest"/>
  <testcase name="VerifycreateNewTaskByBtn" time="32.008" classname="com.crm.qa.testcases.TasksPageTest"/>
  <testcase name="VerifycreateNewTaskByBtn" time="32.601" classname="com.crm.qa.testcases.TasksPageTest"/>
  <testcase name="VerifycreateNewTaskByBtn" time="26.784" classname="com.crm.qa.testcases.TasksPageTest"/>
  <testcase name="VerifycreateNewTaskByBtn" time="39.942" classname="com.crm.qa.testcases.TasksPageTest"/>
  <testcase name="VerifycreateNewTaskByBtn" time="33.739" classname="com.crm.qa.testcases.TasksPageTest"/>
</testsuite> <!-- com.crm.qa.testcases.TasksPageTest -->
